# JRE version: OpenJDK Runtime Environment (11.0.13) (build 11.0.13+0-b1751.21-8125866)
# Java VM: OpenJDK 64-Bit Server VM (11.0.13+0-b1751.21-8125866, mixed mode, tiered, compressed oops, g1 gc, windows-amd64)
Heap:
 garbage-first heap   total 227328K, used 67714K [0x0000000080000000, 0x0000000100000000)
  region size 1024K, 10 young (10240K), 10 survivors (10240K)
 Metaspace       used 77759K, capacity 79413K, committed 79656K, reserved 1118208K
  class space    used 10046K, capacity 10663K, committed 10700K, reserved 1048576K
GC Heap History (20 events):
Event: 2.938 GC heap after
{Heap after GC invocations=4 (full 0):
 garbage-first heap   total 131072K, used 16126K [0x0000000080000000, 0x0000000100000000)
  region size 1024K, 6 young (6144K), 6 survivors (6144K)
 Metaspace       used 17597K, capacity 18047K, committed 18176K, reserved 1064960K
  class space    used 2053K, capacity 2209K, committed 2304K, reserved 1048576K
}
Event: 3.331 GC heap before
{Heap before GC invocations=4 (full 0):
 garbage-first heap   total 131072K, used 45822K [0x0000000080000000, 0x0000000100000000)
  region size 1024K, 36 young (36864K), 6 survivors (6144K)
 Metaspace       used 20813K, capacity 21201K, committed 21296K, reserved 1069056K
  class space    used 2533K, capacity 2688K, committed 2688K, reserved 1048576K
}
Event: 3.342 GC heap after
{Heap after GC invocations=5 (full 0):
 garbage-first heap   total 157696K, used 17132K [0x0000000080000000, 0x0000000100000000)
  region size 1024K, 6 young (6144K), 6 survivors (6144K)
 Metaspace       used 20813K, capacity 21201K, committed 21296K, reserved 1069056K
  class space    used 2533K, capacity 2688K, committed 2688K, reserved 1048576K
}
Event: 4.344 GC heap before
{Heap before GC invocations=6 (full 0):
 garbage-first heap   total 157696K, used 75500K [0x0000000080000000, 0x0000000100000000)
  region size 1024K, 63 young (64512K), 6 survivors (6144K)
 Metaspace       used 26770K, capacity 27355K, committed 27520K, reserved 1073152K
  class space    used 3467K, capacity 3704K, committed 3712K, reserved 1048576K
}
Event: 4.355 GC heap after
{Heap after GC invocations=7 (full 0):
 garbage-first heap   total 157696K, used 19312K [0x0000000080000000, 0x0000000100000000)
  region size 1024K, 4 young (4096K), 4 survivors (4096K)
 Metaspace       used 26770K, capacity 27355K, committed 27520K, reserved 1073152K
  class space    used 3467K, capacity 3704K, committed 3712K, reserved 1048576K
}
Event: 5.581 GC heap before
{Heap before GC invocations=7 (full 0):
 garbage-first heap   total 157696K, used 77680K [0x0000000080000000, 0x0000000100000000)
  region size 1024K, 62 young (63488K), 4 survivors (4096K)
 Metaspace       used 35188K, capacity 35989K, committed 36048K, reserved 1081344K
  class space    used 4522K, capacity 4840K, committed 4864K, reserved 1048576K
}
Event: 5.596 GC heap after
{Heap after GC invocations=8 (full 0):
 garbage-first heap   total 157696K, used 22678K [0x0000000080000000, 0x0000000100000000)
  region size 1024K, 7 young (7168K), 7 survivors (7168K)
 Metaspace       used 35188K, capacity 35989K, committed 36048K, reserved 1081344K
  class space    used 4522K, capacity 4840K, committed 4864K, reserved 1048576K
}
Event: 8.065 GC heap before
{Heap before GC invocations=9 (full 0):
 garbage-first heap   total 157696K, used 111766K [0x0000000080000000, 0x0000000100000000)
  region size 1024K, 92 young (94208K), 7 survivors (7168K)
 Metaspace       used 42236K, capacity 43230K, committed 43420K, reserved 1087488K
  class space    used 5380K, capacity 5767K, committed 5836K, reserved 1048576K
}
Event: 8.096 GC heap after
{Heap after GC invocations=10 (full 0):
 garbage-first heap   total 157696K, used 28990K [0x0000000080000000, 0x0000000100000000)
  region size 1024K, 12 young (12288K), 12 survivors (12288K)
 Metaspace       used 42236K, capacity 43230K, committed 43420K, reserved 1087488K
  class space    used 5380K, capacity 5767K, committed 5836K, reserved 1048576K
}
Event: 10.518 GC heap before
{Heap before GC invocations=10 (full 0):
 garbage-first heap   total 157696K, used 111934K [0x0000000080000000, 0x0000000100000000)
  region size 1024K, 92 young (94208K), 12 survivors (12288K)
 Metaspace       used 48214K, capacity 49386K, committed 49564K, reserved 1091584K
  class space    used 6112K, capacity 6562K, committed 6604K, reserved 1048576K
}
Event: 10.541 GC heap after
{Heap after GC invocations=11 (full 0):
 garbage-first heap   total 189440K, used 31429K [0x0000000080000000, 0x0000000100000000)
  region size 1024K, 9 young (9216K), 9 survivors (9216K)
 Metaspace       used 48214K, capacity 49386K, committed 49564K, reserved 1091584K
  class space    used 6112K, capacity 6562K, committed 6604K, reserved 1048576K
}
Event: 12.436 GC heap before
{Heap before GC invocations=11 (full 0):
 garbage-first heap   total 189440K, used 145093K [0x0000000080000000, 0x0000000100000000)
  region size 1024K, 111 young (113664K), 9 survivors (9216K)
 Metaspace       used 57640K, capacity 59035K, committed 59292K, reserved 1101824K
  class space    used 7257K, capacity 7794K, committed 7884K, reserved 1048576K
}
Event: 12.458 GC heap after
{Heap after GC invocations=12 (full 0):
 garbage-first heap   total 189440K, used 51606K [0x0000000080000000, 0x0000000100000000)
  region size 1024K, 14 young (14336K), 14 survivors (14336K)
 Metaspace       used 57640K, capacity 59035K, committed 59292K, reserved 1101824K
  class space    used 7257K, capacity 7794K, committed 7884K, reserved 1048576K
}
Event: 12.670 GC heap before
{Heap before GC invocations=12 (full 0):
 garbage-first heap   total 189440K, used 59798K [0x0000000080000000, 0x0000000100000000)
  region size 1024K, 23 young (23552K), 14 survivors (14336K)
 Metaspace       used 59160K, capacity 60516K, committed 60636K, reserved 1101824K
  class space    used 7465K, capacity 7969K, committed 8012K, reserved 1048576K
}
Event: 12.692 GC heap after
{Heap after GC invocations=13 (full 0):
 garbage-first heap   total 189440K, used 52895K [0x0000000080000000, 0x0000000100000000)
  region size 1024K, 2 young (2048K), 2 survivors (2048K)
 Metaspace       used 59160K, capacity 60516K, committed 60636K, reserved 1101824K
  class space    used 7465K, capacity 7969K, committed 8012K, reserved 1048576K
}
Event: 14.225 GC heap before
{Heap before GC invocations=14 (full 0):
 garbage-first heap   total 189440K, used 141983K [0x0000000080000000, 0x0000000100000000)
  region size 1024K, 82 young (83968K), 2 survivors (2048K)
 Metaspace       used 65733K, capacity 67285K, committed 67368K, reserved 1107968K
  class space    used 8308K, capacity 8866K, committed 8908K, reserved 1048576K
}
Event: 14.242 GC heap after
{Heap after GC invocations=15 (full 0):
 garbage-first heap   total 189440K, used 57773K [0x0000000080000000, 0x0000000100000000)
  region size 1024K, 7 young (7168K), 7 survivors (7168K)
 Metaspace       used 65733K, capacity 67285K, committed 67368K, reserved 1107968K
  class space    used 8308K, capacity 8866K, committed 8908K, reserved 1048576K
}
Event: 15.532 GC heap before
{Heap before GC invocations=16 (full 0):
 garbage-first heap   total 189440K, used 138669K [0x0000000080000000, 0x0000000100000000)
  region size 1024K, 86 young (88064K), 7 survivors (7168K)
 Metaspace       used 69776K, capacity 71368K, committed 71592K, reserved 1112064K
  class space    used 8811K, capacity 9434K, committed 9548K, reserved 1048576K
}
Event: 15.555 GC heap after
{Heap after GC invocations=17 (full 0):
 garbage-first heap   total 189440K, used 63615K [0x0000000080000000, 0x0000000100000000)
  region size 1024K, 6 young (6144K), 6 survivors (6144K)
 Metaspace       used 69776K, capacity 71368K, committed 71592K, reserved 1112064K
  class space    used 8811K, capacity 9434K, committed 9548K, reserved 1048576K
}
Event: 17.333 GC heap before
{Heap before GC invocations=17 (full 0):
 garbage-first heap   total 189440K, used 143487K [0x0000000080000000, 0x0000000100000000)
  region size 1024K, 84 young (86016K), 6 survivors (6144K)
 Metaspace       used 77759K, capacity 79413K, committed 79656K, reserved 1118208K
  class space    used 10046K, capacity 10663K, committed 10700K, reserved 1048576K
}

