# JRE version: OpenJDK Runtime Environment (11.0.13) (build 11.0.13+0-b1751.21-8125866)
# Java VM: OpenJDK 64-Bit Server VM (11.0.13+0-b1751.21-8125866, mixed mode, tiered, compressed oops, g1 gc, windows-amd64)
Heap:
 garbage-first heap   total 189440K, used 101808K [0x0000000080000000, 0x0000000100000000)
  region size 1024K, 19 young (19456K), 7 survivors (7168K)
 Metaspace       used 94927K, capacity 97165K, committed 97244K, reserved 1134592K
  class space    used 12120K, capacity 12955K, committed 12960K, reserved 1048576K
GC Heap History (20 events):
Event: 14.380 GC heap before
{Heap before GC invocations=11 (full 0):
 garbage-first heap   total 189440K, used 141297K [0x0000000080000000, 0x0000000100000000)
  region size 1024K, 107 young (109568K), 9 survivors (9216K)
 Metaspace       used 57390K, capacity 58885K, committed 59216K, reserved 1101824K
  class space    used 7184K, capacity 7716K, committed 7840K, reserved 1048576K
}
Event: 14.402 GC heap after
{Heap after GC invocations=12 (full 0):
 garbage-first heap   total 189440K, used 51415K [0x0000000080000000, 0x0000000100000000)
  region size 1024K, 14 young (14336K), 14 survivors (14336K)
 Metaspace       used 57390K, capacity 58885K, committed 59216K, reserved 1101824K
  class space    used 7184K, capacity 7716K, committed 7840K, reserved 1048576K
}
Event: 14.744 GC heap before
{Heap before GC invocations=12 (full 0):
 garbage-first heap   total 189440K, used 61655K [0x0000000080000000, 0x0000000100000000)
  region size 1024K, 25 young (25600K), 14 survivors (14336K)
 Metaspace       used 59033K, capacity 60499K, committed 60508K, reserved 1101824K
  class space    used 7418K, capacity 7959K, committed 7968K, reserved 1048576K
}
Event: 14.771 GC heap after
{Heap after GC invocations=13 (full 0):
 garbage-first heap   total 189440K, used 53203K [0x0000000080000000, 0x0000000100000000)
  region size 1024K, 2 young (2048K), 2 survivors (2048K)
 Metaspace       used 59033K, capacity 60499K, committed 60508K, reserved 1101824K
  class space    used 7418K, capacity 7959K, committed 7968K, reserved 1048576K
}
Event: 16.982 GC heap before
{Heap before GC invocations=14 (full 0):
 garbage-first heap   total 189440K, used 153555K [0x0000000080000000, 0x0000000100000000)
  region size 1024K, 93 young (95232K), 2 survivors (2048K)
 Metaspace       used 66855K, capacity 68449K, committed 68572K, reserved 1110016K
  class space    used 8406K, capacity 9014K, committed 9120K, reserved 1048576K
}
Event: 16.997 GC heap after
{Heap after GC invocations=15 (full 0):
 garbage-first heap   total 189440K, used 58509K [0x0000000080000000, 0x0000000100000000)
  region size 1024K, 8 young (8192K), 8 survivors (8192K)
 Metaspace       used 66855K, capacity 68449K, committed 68572K, reserved 1110016K
  class space    used 8406K, capacity 9014K, committed 9120K, reserved 1048576K
}
Event: 18.707 GC heap before
{Heap before GC invocations=15 (full 0):
 garbage-first heap   total 189440K, used 146573K [0x0000000080000000, 0x0000000100000000)
  region size 1024K, 94 young (96256K), 8 survivors (8192K)
 Metaspace       used 72218K, capacity 73777K, committed 73948K, reserved 1114112K
  class space    used 9231K, capacity 9826K, committed 9888K, reserved 1048576K
}
Event: 18.726 GC heap after
{Heap after GC invocations=16 (full 0):
 garbage-first heap   total 189440K, used 64381K [0x0000000080000000, 0x0000000100000000)
  region size 1024K, 6 young (6144K), 6 survivors (6144K)
 Metaspace       used 72218K, capacity 73777K, committed 73948K, reserved 1114112K
  class space    used 9231K, capacity 9826K, committed 9888K, reserved 1048576K
}
Event: 20.825 GC heap before
{Heap before GC invocations=16 (full 0):
 garbage-first heap   total 189440K, used 149373K [0x0000000080000000, 0x0000000100000000)
  region size 1024K, 89 young (91136K), 6 survivors (6144K)
 Metaspace       used 81024K, capacity 82737K, committed 82908K, reserved 1122304K
  class space    used 10455K, capacity 11112K, committed 11168K, reserved 1048576K
}
Event: 20.846 GC heap after
{Heap after GC invocations=17 (full 0):
 garbage-first heap   total 189440K, used 69183K [0x0000000080000000, 0x0000000100000000)
  region size 1024K, 11 young (11264K), 11 survivors (11264K)
 Metaspace       used 81024K, capacity 82737K, committed 82908K, reserved 1122304K
  class space    used 10455K, capacity 11112K, committed 11168K, reserved 1048576K
}
Event: 24.028 GC heap before
{Heap before GC invocations=17 (full 0):
 garbage-first heap   total 189440K, used 151103K [0x0000000080000000, 0x0000000100000000)
  region size 1024K, 91 young (93184K), 11 survivors (11264K)
 Metaspace       used 85796K, capacity 87840K, committed 88028K, reserved 1126400K
  class space    used 11147K, capacity 11935K, committed 11936K, reserved 1048576K
}
Event: 24.053 GC heap after
{Heap after GC invocations=18 (full 0):
 garbage-first heap   total 189440K, used 76324K [0x0000000080000000, 0x0000000100000000)
  region size 1024K, 12 young (12288K), 12 survivors (12288K)
 Metaspace       used 85796K, capacity 87840K, committed 88028K, reserved 1126400K
  class space    used 11147K, capacity 11935K, committed 11936K, reserved 1048576K
}
Event: 25.990 GC heap before
{Heap before GC invocations=18 (full 0):
 garbage-first heap   total 189440K, used 152100K [0x0000000080000000, 0x0000000100000000)
  region size 1024K, 87 young (89088K), 12 survivors (12288K)
 Metaspace       used 87184K, capacity 89233K, committed 89436K, reserved 1126400K
  class space    used 11260K, capacity 12040K, committed 12064K, reserved 1048576K
}
Event: 26.016 GC heap after
{Heap after GC invocations=19 (full 0):
 garbage-first heap   total 189440K, used 81864K [0x0000000080000000, 0x0000000100000000)
  region size 1024K, 7 young (7168K), 7 survivors (7168K)
 Metaspace       used 87184K, capacity 89233K, committed 89436K, reserved 1126400K
  class space    used 11260K, capacity 12040K, committed 12064K, reserved 1048576K
}
Event: 27.181 GC heap before
{Heap before GC invocations=19 (full 0):
 garbage-first heap   total 189440K, used 152520K [0x0000000080000000, 0x0000000100000000)
  region size 1024K, 77 young (78848K), 7 survivors (7168K)
 Metaspace       used 92264K, capacity 94364K, committed 94428K, reserved 1130496K
  class space    used 11886K, capacity 12681K, committed 12704K, reserved 1048576K
}
Event: 27.195 GC heap after
{Heap after GC invocations=20 (full 0):
 garbage-first heap   total 189440K, used 84867K [0x0000000080000000, 0x0000000100000000)
  region size 1024K, 3 young (3072K), 3 survivors (3072K)
 Metaspace       used 92264K, capacity 94364K, committed 94428K, reserved 1130496K
  class space    used 11886K, capacity 12681K, committed 12704K, reserved 1048576K
}
Event: 28.919 GC heap before
{Heap before GC invocations=20 (full 0):
 garbage-first heap   total 189440K, used 155523K [0x0000000080000000, 0x0000000100000000)
  region size 1024K, 73 young (74752K), 3 survivors (3072K)
 Metaspace       used 93754K, capacity 95880K, committed 96220K, reserved 1132544K
  class space    used 12048K, capacity 12875K, committed 12960K, reserved 1048576K
}
Event: 28.935 GC heap after
{Heap after GC invocations=21 (full 0):
 garbage-first heap   total 189440K, used 89501K [0x0000000080000000, 0x0000000100000000)
  region size 1024K, 8 young (8192K), 8 survivors (8192K)
 Metaspace       used 93754K, capacity 95880K, committed 96220K, reserved 1132544K
  class space    used 12048K, capacity 12875K, committed 12960K, reserved 1048576K
}
Event: 2011.662 GC heap before
{Heap before GC invocations=21 (full 0):
 garbage-first heap   total 189440K, used 157085K [0x0000000080000000, 0x0000000100000000)
  region size 1024K, 74 young (75776K), 8 survivors (8192K)
 Metaspace       used 94803K, capacity 97070K, committed 97244K, reserved 1134592K
  class space    used 12118K, capacity 12951K, committed 12960K, reserved 1048576K
}
Event: 2011.680 GC heap after
{Heap after GC invocations=22 (full 0):
 garbage-first heap   total 189440K, used 91568K [0x0000000080000000, 0x0000000100000000)
  region size 1024K, 7 young (7168K), 7 survivors (7168K)
 Metaspace       used 94803K, capacity 97070K, committed 97244K, reserved 1134592K
  class space    used 12118K, capacity 12951K, committed 12960K, reserved 1048576K
}

